<?xml version="1.0" encoding="UTF-8"?>
<!-- Generated by org.testng.reporters.JUnitReportReporter -->
<testsuite hostname="LAPTOP-RP1T41LL" failures="0" tests="3" name="Automation.E2EFrameworkNew.SubmitOrder" time="24.936" errors="0" timestamp="2022-09-03T18:05:21 PST" skipped="0">
  <testcase classname="Automation.E2EFrameworkNew.SubmitOrder" name="BuyProductFlow" time="10.241"/>
  <system-out/>
  <testcase classname="Automation.E2EFrameworkNew.SubmitOrder" name="ValidateOrderInHistory" time="6.280"/>
  <system-out/>
  <testcase classname="Automation.E2EFrameworkNew.SubmitOrder" name="BuyProductFlow" time="8.415"/>
  <system-out/>
</testsuite> <!-- Automation.E2EFrameworkNew.SubmitOrder -->
