<?xml version="1.0" encoding="UTF-8"?>
<!-- Generated by org.testng.reporters.JUnitReportReporter -->
<testsuite hostname="LAPTOP-RP1T41LL" failures="0" tests="1" name="Automation.E2EFrameworkNew.StandAloneTest" time="10.281" errors="0" timestamp="2022-09-01T13:23:42 PST" skipped="0">
  <testcase classname="Automation.E2EFrameworkNew.StandAloneTest" name="BuyProductFlow" time="10.281"/>
  <system-out/>
</testsuite> <!-- Automation.E2EFrameworkNew.StandAloneTest -->
