<?xml version="1.0" encoding="UTF-8"?>
<!-- Generated by org.testng.reporters.JUnitReportReporter -->
<testsuite hostname="LAPTOP-RP1T41LL" failures="0" tests="2" name="cucumber.TestNGTestRunner" time="16.095" errors="0" timestamp="2022-09-06T17:39:36 PST" skipped="0">
  <testcase classname="cucumber.TestNGTestRunner" name="runScenario" time="9.275"/>
  <system-out/>
  <testcase classname="cucumber.TestNGTestRunner" name="runScenario" time="6.820"/>
  <system-out/>
</testsuite> <!-- cucumber.TestNGTestRunner -->
