<?xml version="1.0" encoding="UTF-8"?>
<!-- Generated by org.testng.reporters.JUnitReportReporter -->
<testsuite hostname="LAPTOP-RP1T41LL" failures="0" tests="3" name="Automation.E2EFrameworkNew.SubmitOrder" time="35.068" errors="0" timestamp="2022-09-04T14:26:26 PST" skipped="0">
  <testcase classname="Automation.E2EFrameworkNew.SubmitOrder" name="BuyProductFlow" time="10.507"/>
  <system-out/>
  <testcase classname="Automation.E2EFrameworkNew.SubmitOrder" name="ValidateOrderInHistory" time="13.491"/>
  <system-out/>
  <testcase classname="Automation.E2EFrameworkNew.SubmitOrder" name="BuyProductFlow" time="11.070"/>
  <system-out/>
</testsuite> <!-- Automation.E2EFrameworkNew.SubmitOrder -->
